[11:21:32.908] [INFO] Storybook upgrade - v10.1.10
[11:21:32.912] [INFO] detect-projects-spinner-start: Detecting projects...
[11:21:32.913] [DEBUG] Finding Storybook projects...
[11:21:33.129] [DEBUG] Found 1 Storybook projects
[11:21:33.150] [INFO] detect-projects-spinner: Detecting projects: 1 projects
[11:21:33.150] [DEBUG] Getting Storybook data...
[11:21:33.150] [DEBUG] Getting Storybook info...
[11:21:33.363] [DEBUG] Loading main config...
[11:21:33.363] [DEBUG] Getting stories paths...
[11:21:33.390] [DEBUG] Getting package manager...
[11:21:33.836] [DEBUG] Getting package.json info for D:/repositories/neue-ui/package.json...
[11:21:33.836] [DEBUG] Getting Storybook version...
[11:21:33.836] [DEBUG] D:/repositories/neue-ui/.storybook - Validating before version... 10.0.2
[11:21:33.836] [DEBUG] D:/repositories/neue-ui/.storybook - Validating upgrade compatibility...
[11:21:33.837] [DEBUG] D:/repositories/neue-ui/.storybook - Fetching NPM version information...
[11:21:33.837] [DEBUG] Getting CLI versions from NPM for storybook...
[11:21:33.837] [DEBUG] Executing command: npm info storybook version
[11:21:33.859] [DEBUG] Getting CLI versions from NPM for storybook@next...
[11:21:33.859] [DEBUG] Executing command: npm info storybook@next version
[11:21:35.256] [DEBUG] D:/repositories/neue-ui/.storybook - Evaluating blockers...
[11:21:35.318] [DEBUG] Getting installed version for @storybook/experimental-addon-test...
[11:21:35.319] [DEBUG] Executing command: npm ls --json --depth=99 2>NUL
[11:21:36.717] [DEBUG] Executing command: npm ls --json --depth=0 2>NUL
[11:21:38.100] [DEBUG] An issue occurred while trying to find dependencies metadata using npm: Error: Command failed with exit code 1: npm.cmd ls --json --depth=0 2>NUL
npm error code EINVALIDTAGNAME
npm error Invalid tag name "2>NUL" of package "2>NUL": Tags may not have any characters that encodeURIComponent encodes.
npm error A complete log of this run can be found in: C:\Users\wales\AppData\Local\npm-cache\_logs\2025-12-20T10_21_37_000Z-debug-0.log
{
  "error": {
    "code": "EINVALIDTAGNAME",
    "summary": "Invalid tag name \"2>NUL\" of package \"2>NUL\": Tags may not have any characters that encodeURIComponent encodes.",
    "detail": ""
  }
}
[11:21:38.100] [INFO] detect-projects-spinner-stop: 1 project detected
[11:21:38.101] [DEBUG] Found 1 valid projects and 0 error projects
[11:21:38.102] [INFO] Upgrading from [1m10.0.2[22m to [1m10.1.10[22m
[11:21:38.104] [INFO] upgrade-dependencies-task-start: Fetching versions to update package.json files..
[11:21:38.104] [DEBUG] Updating dependencies in D:/repositories/neue-ui/.storybook...
[11:21:38.104] [INFO] upgrade-dependencies-task: D:/repositories/neue-ui/package.json
[11:21:38.104] [DEBUG] Using cached package.json for D:\repositories\neue-ui\package.json...
[11:21:38.105] [DEBUG] {
  "upgradedDependencies": []
}
[11:21:38.105] [DEBUG] {
  "upgradedDevDependencies": [
    "@storybook/addon-docs@^10.1.10",
    "@storybook/nextjs@^10.1.10",
    "eslint-plugin-storybook@10.1.10"
  ]
}
[11:21:38.105] [DEBUG] {
  "upgradedPeerDependencies": []
}
[11:21:38.105] [DEBUG] Getting package.json info for D:/repositories/neue-ui/package.json...
[11:21:38.105] [DEBUG] Using cached package.json for D:\repositories\neue-ui\package.json...
[11:21:38.106] [DEBUG] Getting package.json info for D:/repositories/neue-ui/package.json...
[11:21:38.106] [DEBUG] Using cached package.json for D:\repositories\neue-ui\package.json...
[11:21:38.106] [DEBUG] Getting CLI versions from NPM for @storybook/addon-docs...
[11:21:38.106] [DEBUG] Executing command: npm info @storybook/addon-docs version
[11:21:39.886] [DEBUG] Getting CLI versions from NPM for @storybook/nextjs...
[11:21:39.886] [DEBUG] Executing command: npm info @storybook/nextjs version
[11:21:41.687] [DEBUG] Getting CLI versions from NPM for eslint-plugin-storybook...
[11:21:41.687] [DEBUG] Executing command: npm info eslint-plugin-storybook version
[11:21:42.806] [DEBUG] Getting package.json info for D:/repositories/neue-ui/package.json...
[11:21:42.806] [DEBUG] Using cached package.json for D:\repositories\neue-ui\package.json...
[11:21:42.806] [INFO] upgrade-dependencies-task-success: Updated package versions in package.json files
[11:21:42.808] [INFO] detect-automigrations-task-start: Detecting automigrations...
[11:21:42.808] [DEBUG] Starting automigration collection across 1 projects and 19 fixes...
[11:21:42.808] [INFO] detect-automigrations-task: Checking automigrations for D:/repositories/neue-ui/.storybook...
[11:21:42.808] [DEBUG] Processing project: D:/repositories/neue-ui/.storybook
[11:21:42.808] [DEBUG] Checking fix eslintPlugin for project D:/repositories/neue-ui/.storybook...
[11:21:42.809] [DEBUG] Using cached package.json for D:\repositories\neue-ui\package.json...
[11:21:42.809] [DEBUG] Using cached package.json for D:\repositories\neue-ui\package.json...
[11:21:42.809] [DEBUG] Checking fix addon-mdx-gfm-remove for project D:/repositories/neue-ui/.storybook...
[11:21:42.809] [DEBUG] Using cached package.json for D:\repositories\neue-ui\package.json...
[11:21:42.809] [DEBUG] Checking fix addon-storysource-code-panel for project D:/repositories/neue-ui/.storybook...
[11:21:42.810] [DEBUG] Checking fix upgrade-storybook-related-dependencies for project D:/repositories/neue-ui/.storybook...
[11:21:42.810] [DEBUG] Checking for incompatible storybook packages...
[11:21:42.810] [DEBUG] Using cached package.json for D:\repositories\neue-ui\package.json...
[11:21:42.810] [DEBUG] Using cached package.json for D:\repositories\neue-ui\package.json...
[11:21:42.810] [DEBUG] Checking fix initial-globals for project D:/repositories/neue-ui/.storybook...
[11:21:42.836] [DEBUG] Checking fix addon-globals-api for project D:/repositories/neue-ui/.storybook...
[11:21:42.842] [DEBUG] Checking fix addon-a11y-addon-test for project D:/repositories/neue-ui/.storybook...
[11:21:42.842] [DEBUG] Checking fix consolidated-imports for project D:/repositories/neue-ui/.storybook...
[11:21:42.843] [DEBUG] Checking fix addon-experimental-test for project D:/repositories/neue-ui/.storybook...
[11:21:42.843] [DEBUG] Using cached installed version for @storybook/experimental-addon-test...
[11:21:42.843] [DEBUG] Checking fix rnstorybook-config for project D:/repositories/neue-ui/.storybook...
[11:21:42.843] [DEBUG] Using cached package.json for D:\repositories\neue-ui\package.json...
[11:21:42.843] [DEBUG] Checking fix migrate-addon-console for project D:/repositories/neue-ui/.storybook...
[11:21:42.843] [DEBUG] Using cached package.json for D:\repositories\neue-ui\package.json...
[11:21:42.843] [DEBUG] Checking fix nextjs-to-nextjs-vite for project D:/repositories/neue-ui/.storybook...
[11:21:42.843] [DEBUG] Using cached package.json for D:\repositories\neue-ui\package.json...
[11:21:42.844] [DEBUG] Checking fix remove-addon-interactions for project D:/repositories/neue-ui/.storybook...
[11:21:42.844] [DEBUG] Using cached package.json for D:\repositories\neue-ui\package.json...
[11:21:42.844] [DEBUG] Checking fix renderer-to-framework for project D:/repositories/neue-ui/.storybook...
[11:21:42.845] [DEBUG] Checking fix remove-essential-addons for project D:/repositories/neue-ui/.storybook...
[11:21:42.845] [DEBUG] Using cached package.json for D:\repositories\neue-ui\package.json...
[11:21:42.845] [DEBUG] Checking fix addon-a11y-parameters for project D:/repositories/neue-ui/.storybook...
[11:21:42.845] [DEBUG] Checking fix remove-docs-autodocs for project D:/repositories/neue-ui/.storybook...
[11:21:42.850] [DEBUG] Checking fix wrap-getAbsolutePath for project D:/repositories/neue-ui/.storybook...
[11:21:42.854] [DEBUG] Checking fix fix-faux-esm-require for project D:/repositories/neue-ui/.storybook...
[11:21:42.855] [INFO] detect-automigrations-task: 
Automigrations detected:
[11:21:42.856] [INFO] detect-automigrations-task: [32m[32m✔[32m nextjs-to-nextjs-vite[39m
[11:21:42.857] [INFO] detect-automigrations-task-success: 1 automigration(s) detected
[11:21:59.103] [PROMPT] Select automigrations to run {"choice":[]}
[11:21:59.104] [DEBUG] Completed automigrations for D:/repositories/neue-ui/.storybook
[11:21:59.104] [INFO] Installing dependencies...
[11:21:59.104] [INFO] install-dependencies-spinner-start: Installing dependencies...
[11:21:59.105] [DEBUG] Executing command: npm install --force
[11:22:24.157] [INFO] Installing dependencies...: 
added 12 packages, changed 15 packages, and audited 850 packages in 25s

[11:22:24.157] [INFO] install-dependencies-spinner: Installing dependencies...: added 12 packages, change
[11:22:24.157] [INFO] Installing dependencies...: 
225 packages are looking for funding
  run `npm fund` for details

[11:22:24.157] [INFO] install-dependencies-spinner: Installing dependencies...: 225 packages are looking 
[11:22:24.202] [INFO] Installing dependencies...: 
2 vulnerabilities (1 moderate, 1 critical)

To address issues that do not require attention, run:
  npm audit fix

To address all issues, run:
  npm audit fix --force

Run `npm audit` for details.

[11:22:24.202] [INFO] install-dependencies-spinner: Installing dependencies...: 2 vulnerabilities (1 mode
[11:22:24.237] [INFO] Dependencies installed
[11:22:24.237] [INFO] install-dependencies-spinner-stop: Dependencies installed
[11:22:24.240] [INFO] Checking the health of your project(s)..
[11:22:24.241] [DEBUG] Using cached package.json for D:\repositories\neue-ui\package.json...
[11:22:24.241] [DEBUG] Executing command: npm ls --json --depth=99 2>NUL
[11:22:25.424] [DEBUG] Executing command: npm ls --json --depth=0 2>NUL
[11:22:26.593] [DEBUG] An issue occurred while trying to find dependencies metadata using npm: Error: Command failed with exit code 1: npm.cmd ls --json --depth=0 2>NUL
npm error code EINVALIDTAGNAME
npm error Invalid tag name "2>NUL" of package "2>NUL": Tags may not have any characters that encodeURIComponent encodes.
npm error A complete log of this run can be found in: C:\Users\wales\AppData\Local\npm-cache\_logs\2025-12-20T10_22_25_773Z-debug-0.log
{
  "error": {
    "code": "EINVALIDTAGNAME",
    "summary": "Invalid tag name \"2>NUL\" of package \"2>NUL\": Tags may not have any characters that encodeURIComponent encodes.",
    "detail": ""
  }
}
[11:22:26.594] [WARN] D:/repositories/neue-ui/.storybook: 1 issue found
[11:22:26.594] [INFO] The "storybook" package was not found in your package.json.
Installing "storybook" as a direct dev dependency in your package.json is required.
[11:22:26.595] [INFO] Storybook doctor is complete!
[11:22:26.595] [INFO] You can always recheck the health of your project(s) by running:
[36mnpx storybook doctor[39m
[11:22:26.596] [INFO] [33mYour project(s) have been upgraded successfully, but some issues were found which need your attention, please check Storybook doctor logs above.[39m
[11:22:26.597] [INFO] For a full list of changes, please check our migration guide: [36mhttps://storybook.js.org/docs/releases/migration-guide?ref=upgrade[39m
[11:22:27.621] [INFO] Storybook upgrade completed!